TN:
SF:src\dtos\EstudianteDto.ts
FNF:0
FNH:0
DA:3,1
DA:14,1
DA:44,1
LF:3
LH:3
BRF:0
BRH:0
end_of_record
TN:
SF:src\services\EstudiantesService.ts
FN:11,constructor
FN:19,getAllStudents
FN:29,getStudentByRut
FN:46,authenticateStudent
FN:72,createStudent
FN:111,updateStudent
FN:125,deleteStudent
FN:139,getStudentsByCourse
FNF:8
FNH:8
FNDA:18,constructor
FNDA:1,getAllStudents
FNDA:3,getStudentByRut
FNDA:3,authenticateStudent
FNDA:5,createStudent
FNDA:2,updateStudent
FNDA:2,deleteStudent
FNDA:2,getStudentsByCourse
DA:12,18
DA:20,1
DA:30,3
DA:31,1
DA:33,2
DA:34,2
DA:35,1
DA:37,1
DA:47,3
DA:48,1
DA:50,2
DA:51,0
DA:54,2
DA:55,2
DA:56,0
DA:59,2
DA:60,1
DA:63,1
DA:64,1
DA:73,5
DA:74,1
DA:77,4
DA:78,1
DA:81,3
DA:82,1
DA:85,2
DA:86,0
DA:89,2
DA:90,0
DA:93,2
DA:94,0
DA:97,2
DA:98,2
DA:99,1
DA:102,1
DA:112,2
DA:113,2
DA:114,1
DA:117,1
DA:126,2
DA:127,2
DA:128,1
DA:131,1
DA:140,2
DA:141,1
DA:143,1
LF:46
LH:41
BRDA:30,0,0,1
BRDA:30,0,1,2
BRDA:30,1,0,3
BRDA:30,1,1,2
BRDA:34,2,0,1
BRDA:34,2,1,1
BRDA:47,3,0,1
BRDA:47,3,1,2
BRDA:47,4,0,3
BRDA:47,4,1,2
BRDA:50,5,0,0
BRDA:50,5,1,2
BRDA:50,6,0,2
BRDA:50,6,1,2
BRDA:55,7,0,0
BRDA:55,7,1,2
BRDA:59,8,0,1
BRDA:59,8,1,1
BRDA:73,9,0,1
BRDA:73,9,1,4
BRDA:73,10,0,5
BRDA:73,10,1,4
BRDA:77,11,0,1
BRDA:77,11,1,3
BRDA:77,12,0,4
BRDA:77,12,1,3
BRDA:81,13,0,1
BRDA:81,13,1,2
BRDA:85,14,0,0
BRDA:85,14,1,2
BRDA:85,15,0,2
BRDA:85,15,1,2
BRDA:89,16,0,0
BRDA:89,16,1,2
BRDA:89,17,0,2
BRDA:89,17,1,2
BRDA:93,18,0,0
BRDA:93,18,1,2
BRDA:93,19,0,2
BRDA:93,19,1,2
BRDA:98,20,0,1
BRDA:98,20,1,1
BRDA:113,21,0,1
BRDA:113,21,1,1
BRDA:127,22,0,1
BRDA:127,22,1,1
BRDA:140,23,0,1
BRDA:140,23,1,1
BRDA:140,24,0,2
BRDA:140,24,1,1
BRF:50
BRH:45
end_of_record
